0 verbose cli C:\Program Files\nodejs\node.exe C:\Users\M-SI\AppData\Roaming\npm\node_modules\npm\bin\npm-cli.js
1 info using npm@11.9.0
2 info using node@v22.15.0
3 silly config load:file:C:\Users\M-SI\AppData\Roaming\npm\node_modules\npm\npmrc
4 silly config load:file:D:\Kuliah\start_up\Nail\frontend\.npmrc
5 silly config load:file:C:\Users\M-SI\.npmrc
6 silly config load:file:C:\Users\M-SI\AppData\Roaming\npm\etc\npmrc
7 verbose title npm install
8 verbose argv "install" "--cache" ".npm-cache" "--prefer-offline"
9 verbose logfile logs-max:10 dir:D:\Kuliah\start_up\Nail\frontend\.npm-cache\_logs\2026-02-25T00_33_28_716Z-
10 verbose logfile D:\Kuliah\start_up\Nail\frontend\.npm-cache\_logs\2026-02-25T00_33_28_716Z-debug-0.log
11 silly logfile done cleaning log files
12 silly packumentCache heap:2197815296 maxSize:549453824 maxEntrySize:274726912
13 silly idealTree buildDeps
14 silly fetch manifest @locator/runtime@latest
15 silly packumentCache full:https://registry.npmjs.org/@locator%2fruntime cache-miss
16 http fetch GET https://registry.npmjs.org/npm attempt 1 failed with EACCES
17 http fetch GET https://registry.npmjs.org/@locator%2fruntime attempt 1 failed with EACCES
18 http fetch GET https://registry.npmjs.org/npm attempt 2 failed with EACCES
19 http fetch GET https://registry.npmjs.org/@locator%2fruntime attempt 2 failed with EACCES
20 http fetch GET https://registry.npmjs.org/npm attempt 3 failed with EACCES
21 http fetch GET https://registry.npmjs.org/@locator%2fruntime attempt 3 failed with EACCES
22 silly fetch manifest @locator/webpack-loader@latest
23 silly packumentCache full:https://registry.npmjs.org/@locator%2fwebpack-loader cache-miss
24 http fetch GET https://registry.npmjs.org/@locator%2fwebpack-loader attempt 1 failed with EACCES
25 http fetch GET https://registry.npmjs.org/@locator%2fwebpack-loader attempt 2 failed with EACCES
26 http fetch GET https://registry.npmjs.org/@locator%2fwebpack-loader attempt 3 failed with EACCES
27 silly placeDep ROOT @locator/runtime@ OK for: frontend@0.1.0 want: latest
28 silly placeDep ROOT @locator/webpack-loader@ OK for: frontend@0.1.0 want: latest
29 verbose type system
30 verbose stack FetchError: request to https://registry.npmjs.org/@locator%2fruntime failed, reason: 
30 verbose stack     at ClientRequest.<anonymous> (C:\Users\M-SI\AppData\Roaming\npm\node_modules\npm\node_modules\minipass-fetch\lib\index.js:130:14)
30 verbose stack     at ClientRequest.emit (node:events:518:28)
30 verbose stack     at emitErrorEvent (node:_http_client:104:11)
30 verbose stack     at _destroy (node:_http_client:898:9)
30 verbose stack     at onSocketNT (node:_http_client:918:5)
30 verbose stack     at process.processTicksAndRejections (node:internal/process/task_queues:91:21)
31 error code EACCES
32 error errno EACCES
33 error FetchError: request to https://registry.npmjs.org/@locator%2fruntime failed, reason: 
33 error     at ClientRequest.<anonymous> (C:\Users\M-SI\AppData\Roaming\npm\node_modules\npm\node_modules\minipass-fetch\lib\index.js:130:14)
33 error     at ClientRequest.emit (node:events:518:28)
33 error     at emitErrorEvent (node:_http_client:104:11)
33 error     at _destroy (node:_http_client:898:9)
33 error     at onSocketNT (node:_http_client:918:5)
33 error     at process.processTicksAndRejections (node:internal/process/task_queues:91:21) {
33 error   code: 'EACCES',
33 error   errno: 'EACCES',
33 error   type: 'system',
33 error   requiredBy: '.'
33 error }
34 error
34 error The operation was rejected by your operating system.
34 error It's possible that the file was already in use (by a text editor or antivirus),
34 error or that you lack permissions to access it.
34 error
34 error If you believe this might be a permissions issue, please double-check the
34 error permissions of the file and its containing directories, or try running
34 error the command again as root/Administrator.
35 silly unfinished npm timer reify 1771979610159
36 silly unfinished npm timer reify:loadTrees 1771979610160
37 verbose cwd D:\Kuliah\start_up\Nail\frontend
38 verbose os Windows_NT 10.0.26200
39 verbose node v22.15.0
40 verbose npm  v11.9.0
41 verbose exit 1
42 verbose code 1
43 error A complete log of this run can be found in: D:\Kuliah\start_up\Nail\frontend\.npm-cache\_logs\2026-02-25T00_33_28_716Z-debug-0.log
